# JRE version: OpenJDK Runtime Environment (17.0.10) (build 17.0.10+0--11609105)
# Java VM: OpenJDK 64-Bit Server VM (17.0.10+0--11609105, mixed mode, tiered, compressed oops, compressed class ptrs, g1 gc, windows-amd64)
GC Precious Log:
 CPUs: 12 total, 12 available
 Memory: 16315M
 Large Page Support: Disabled
 NUMA Support: Disabled
 Compressed Oops: Enabled (32-bit)
 Heap Region Size: 1M
 Heap Min Capacity: 8M
 Heap Initial Capacity: 256M
 Heap Max Capacity: 2G
 Pre-touch: Disabled
 Parallel Workers: 10
 Concurrent Workers: 3
 Concurrent Refinement Workers: 10
 Periodic GC: Disabled
Heap:
 garbage-first heap   total 86016K, used 49328K [0x0000000080000000, 0x0000000100000000)
  region size 1024K, 15 young (15360K), 5 survivors (5120K)
 Metaspace       used 56614K, committed 57216K, reserved 1114112K
  class space    used 7781K, committed 8064K, reserved 1048576K
GC Heap History (20 events):
Event: 2.000 GC heap before
{Heap before GC invocations=6 (full 0):
 garbage-first heap   total 71680K, used 51161K [0x0000000080000000, 0x0000000100000000)
  region size 1024K, 32 young (32768K), 4 survivors (4096K)
 Metaspace       used 33957K, committed 34304K, reserved 1114112K
  class space    used 4628K, committed 4800K, reserved 1048576K
}
Event: 2.003 GC heap after
{Heap after GC invocations=7 (full 0):
 garbage-first heap   total 71680K, used 23892K [0x0000000080000000, 0x0000000100000000)
  region size 1024K, 4 young (4096K), 4 survivors (4096K)
 Metaspace       used 33957K, committed 34304K, reserved 1114112K
  class space    used 4628K, committed 4800K, reserved 1048576K
}
Event: 2.112 GC heap before
{Heap before GC invocations=7 (full 0):
 garbage-first heap   total 71680K, used 33108K [0x0000000080000000, 0x0000000100000000)
  region size 1024K, 15 young (15360K), 4 survivors (4096K)
 Metaspace       used 35647K, committed 35968K, reserved 1114112K
  class space    used 4869K, committed 4992K, reserved 1048576K
}
Event: 2.114 GC heap after
{Heap after GC invocations=8 (full 0):
 garbage-first heap   total 71680K, used 24248K [0x0000000080000000, 0x0000000100000000)
  region size 1024K, 2 young (2048K), 2 survivors (2048K)
 Metaspace       used 35647K, committed 35968K, reserved 1114112K
  class space    used 4869K, committed 4992K, reserved 1048576K
}
Event: 2.377 GC heap before
{Heap before GC invocations=9 (full 0):
 garbage-first heap   total 71680K, used 53944K [0x0000000080000000, 0x0000000100000000)
  region size 1024K, 32 young (32768K), 2 survivors (2048K)
 Metaspace       used 41275K, committed 41664K, reserved 1114112K
  class space    used 5480K, committed 5632K, reserved 1048576K
}
Event: 2.379 GC heap after
{Heap after GC invocations=10 (full 0):
 garbage-first heap   total 71680K, used 27917K [0x0000000080000000, 0x0000000100000000)
  region size 1024K, 4 young (4096K), 4 survivors (4096K)
 Metaspace       used 41275K, committed 41664K, reserved 1114112K
  class space    used 5480K, committed 5632K, reserved 1048576K
}
Event: 2.491 GC heap before
{Heap before GC invocations=10 (full 0):
 garbage-first heap   total 71680K, used 54541K [0x0000000080000000, 0x0000000100000000)
  region size 1024K, 30 young (30720K), 4 survivors (4096K)
 Metaspace       used 42358K, committed 42752K, reserved 1114112K
  class space    used 5655K, committed 5888K, reserved 1048576K
}
Event: 2.494 GC heap after
{Heap after GC invocations=11 (full 0):
 garbage-first heap   total 71680K, used 30169K [0x0000000080000000, 0x0000000100000000)
  region size 1024K, 3 young (3072K), 3 survivors (3072K)
 Metaspace       used 42358K, committed 42752K, reserved 1114112K
  class space    used 5655K, committed 5888K, reserved 1048576K
}
Event: 2.781 GC heap before
{Heap before GC invocations=11 (full 0):
 garbage-first heap   total 71680K, used 53721K [0x0000000080000000, 0x0000000100000000)
  region size 1024K, 27 young (27648K), 3 survivors (3072K)
 Metaspace       used 45305K, committed 45760K, reserved 1114112K
  class space    used 6147K, committed 6336K, reserved 1048576K
}
Event: 2.784 GC heap after
{Heap after GC invocations=12 (full 0):
 garbage-first heap   total 71680K, used 31816K [0x0000000080000000, 0x0000000100000000)
  region size 1024K, 4 young (4096K), 4 survivors (4096K)
 Metaspace       used 45305K, committed 45760K, reserved 1114112K
  class space    used 6147K, committed 6336K, reserved 1048576K
}
Event: 3.019 GC heap before
{Heap before GC invocations=12 (full 0):
 garbage-first heap   total 71680K, used 56392K [0x0000000080000000, 0x0000000100000000)
  region size 1024K, 28 young (28672K), 4 survivors (4096K)
 Metaspace       used 48298K, committed 48768K, reserved 1114112K
  class space    used 6611K, committed 6848K, reserved 1048576K
}
Event: 3.021 GC heap after
{Heap after GC invocations=13 (full 0):
 garbage-first heap   total 71680K, used 32947K [0x0000000080000000, 0x0000000100000000)
  region size 1024K, 4 young (4096K), 4 survivors (4096K)
 Metaspace       used 48298K, committed 48768K, reserved 1114112K
  class space    used 6611K, committed 6848K, reserved 1048576K
}
Event: 3.260 GC heap before
{Heap before GC invocations=13 (full 0):
 garbage-first heap   total 71680K, used 55475K [0x0000000080000000, 0x0000000100000000)
  region size 1024K, 27 young (27648K), 4 survivors (4096K)
 Metaspace       used 51332K, committed 51776K, reserved 1114112K
  class space    used 7112K, committed 7296K, reserved 1048576K
}
Event: 3.262 GC heap after
{Heap after GC invocations=14 (full 0):
 garbage-first heap   total 71680K, used 34488K [0x0000000080000000, 0x0000000100000000)
  region size 1024K, 3 young (3072K), 3 survivors (3072K)
 Metaspace       used 51332K, committed 51776K, reserved 1114112K
  class space    used 7112K, committed 7296K, reserved 1048576K
}
Event: 3.332 GC heap before
{Heap before GC invocations=14 (full 0):
 garbage-first heap   total 71680K, used 41656K [0x0000000080000000, 0x0000000100000000)
  region size 1024K, 12 young (12288K), 3 survivors (3072K)
 Metaspace       used 52320K, committed 52800K, reserved 1114112K
  class space    used 7274K, committed 7488K, reserved 1048576K
}
Event: 3.333 GC heap after
{Heap after GC invocations=15 (full 0):
 garbage-first heap   total 71680K, used 35370K [0x0000000080000000, 0x0000000100000000)
  region size 1024K, 3 young (3072K), 3 survivors (3072K)
 Metaspace       used 52320K, committed 52800K, reserved 1114112K
  class space    used 7274K, committed 7488K, reserved 1048576K
}
Event: 3.655 GC heap before
{Heap before GC invocations=16 (full 0):
 garbage-first heap   total 71680K, used 59946K [0x0000000080000000, 0x0000000100000000)
  region size 1024K, 25 young (25600K), 3 survivors (3072K)
 Metaspace       used 55346K, committed 55872K, reserved 1114112K
  class space    used 7640K, committed 7872K, reserved 1048576K
}
Event: 3.657 GC heap after
{Heap after GC invocations=17 (full 0):
 garbage-first heap   total 86016K, used 36598K [0x0000000080000000, 0x0000000100000000)
  region size 1024K, 3 young (3072K), 3 survivors (3072K)
 Metaspace       used 55346K, committed 55872K, reserved 1114112K
  class space    used 7640K, committed 7872K, reserved 1048576K
}
Event: 4.713 GC heap before
{Heap before GC invocations=17 (full 0):
 garbage-first heap   total 86016K, used 67318K [0x0000000080000000, 0x0000000100000000)
  region size 1024K, 34 young (34816K), 3 survivors (3072K)
 Metaspace       used 56499K, committed 57024K, reserved 1114112K
  class space    used 7781K, committed 8064K, reserved 1048576K
}
Event: 4.716 GC heap after
{Heap after GC invocations=18 (full 0):
 garbage-first heap   total 86016K, used 41136K [0x0000000080000000, 0x0000000100000000)
  region size 1024K, 5 young (5120K), 5 survivors (5120K)
 Metaspace       used 56499K, committed 57024K, reserved 1114112K
  class space    used 7781K, committed 8064K, reserved 1048576K
}

